!SESSION 2017-03-19 15:28:29.525 -----------------------------------------------
eclipse.buildId=4.6.2.M20161124-1400
java.version=1.8.0_121
java.vendor=Oracle Corporation
BootLoader constants: OS=win32, ARCH=x86_64, WS=win32, NL=es_CO
Framework arguments:  -product org.eclipse.platform.ide
Command-line arguments:  -product org.eclipse.platform.ide -data D:\Eclipse Workspaces\WorkSpace4/../runtime-EclipseXtext -dev file:D:/Eclipse Workspaces/WorkSpace4/.metadata/.plugins/org.eclipse.pde.core/Launch Runtime Eclipse/dev.properties -os win32 -ws win32 -arch x86_64

!ENTRY org.eclipse.equinox.ds 2 0 2017-03-19 15:29:05.269
!MESSAGE [SCR - WorkThread] Timeout occurred! Thread was blocked on processing [QueuedJob] WorkPerformer: org.eclipse.equinox.internal.ds.SCRManager@24bb23ee; actionType 1

!ENTRY org.eclipse.equinox.ds 2 0 2017-03-19 15:29:05.274
!MESSAGE [SCR] Enabling components of bundle org.eclipse.ui.trace did not complete in 30000 ms 

!ENTRY org.eclipse.core.runtime 4 0 2017-03-19 15:29:10.370
!MESSAGE FrameworkEvent ERROR
!STACK 0
org.osgi.framework.BundleException: Unable to acquire the state change lock for the module: osgi.identity; type="osgi.bundle"; version:Version="3.12.0.v20160606-1342"; osgi.identity="org.eclipse.core.runtime"; singleton:="true" [id=119] STARTED [STARTED]
	at org.eclipse.osgi.container.Module.lockStateChange(Module.java:337)
	at org.eclipse.osgi.container.Module.start(Module.java:401)
	at org.eclipse.osgi.container.ModuleContainer$ContainerStartLevel.incStartLevel(ModuleContainer.java:1620)
	at org.eclipse.osgi.container.ModuleContainer$ContainerStartLevel.incStartLevel(ModuleContainer.java:1600)
	at org.eclipse.osgi.container.ModuleContainer$ContainerStartLevel.doContainerStartLevel(ModuleContainer.java:1571)
	at org.eclipse.osgi.container.ModuleContainer$ContainerStartLevel.dispatchEvent(ModuleContainer.java:1514)
	at org.eclipse.osgi.container.ModuleContainer$ContainerStartLevel.dispatchEvent(ModuleContainer.java:1)
	at org.eclipse.osgi.framework.eventmgr.EventManager.dispatchEvent(EventManager.java:230)
	at org.eclipse.osgi.framework.eventmgr.EventManager$EventThread.run(EventManager.java:340)
Caused by: java.util.concurrent.TimeoutException: Timeout after waiting 5 seconds to acquire the lock.
	at org.eclipse.osgi.container.Module.lockStateChange(Module.java:334)
	... 8 more
Root exception:
java.util.concurrent.TimeoutException: Timeout after waiting 5 seconds to acquire the lock.
	at org.eclipse.osgi.container.Module.lockStateChange(Module.java:334)
	at org.eclipse.osgi.container.Module.start(Module.java:401)
	at org.eclipse.osgi.container.ModuleContainer$ContainerStartLevel.incStartLevel(ModuleContainer.java:1620)
	at org.eclipse.osgi.container.ModuleContainer$ContainerStartLevel.incStartLevel(ModuleContainer.java:1600)
	at org.eclipse.osgi.container.ModuleContainer$ContainerStartLevel.doContainerStartLevel(ModuleContainer.java:1571)
	at org.eclipse.osgi.container.ModuleContainer$ContainerStartLevel.dispatchEvent(ModuleContainer.java:1514)
	at org.eclipse.osgi.container.ModuleContainer$ContainerStartLevel.dispatchEvent(ModuleContainer.java:1)
	at org.eclipse.osgi.framework.eventmgr.EventManager.dispatchEvent(EventManager.java:230)
	at org.eclipse.osgi.framework.eventmgr.EventManager$EventThread.run(EventManager.java:340)

!ENTRY org.eclipse.osgi 4 0 2017-03-19 15:29:10.723
!MESSAGE Application error
!STACK 1
java.lang.IllegalStateException: Unable to acquire application service. Ensure that the org.eclipse.core.runtime bundle is resolved and started (see config.ini).
	at org.eclipse.core.runtime.internal.adaptor.EclipseAppLauncher.start(EclipseAppLauncher.java:78)
	at org.eclipse.core.runtime.adaptor.EclipseStarter.run(EclipseStarter.java:388)
	at org.eclipse.core.runtime.adaptor.EclipseStarter.run(EclipseStarter.java:243)
	at sun.reflect.NativeMethodAccessorImpl.invoke0(Native Method)
	at sun.reflect.NativeMethodAccessorImpl.invoke(Unknown Source)
	at sun.reflect.DelegatingMethodAccessorImpl.invoke(Unknown Source)
	at java.lang.reflect.Method.invoke(Unknown Source)
	at org.eclipse.equinox.launcher.Main.invokeFramework(Main.java:673)
	at org.eclipse.equinox.launcher.Main.basicRun(Main.java:610)
	at org.eclipse.equinox.launcher.Main.run(Main.java:1519)
	at org.eclipse.equinox.launcher.Main.main(Main.java:1492)

!ENTRY org.eclipse.ui.trace 4 0 2017-03-19 15:29:15.881
!MESSAGE FrameworkEvent ERROR
!STACK 0
org.osgi.framework.BundleException: Unable to acquire the state change lock for the module: osgi.identity; type="osgi.bundle"; version:Version="1.0.400.v20160509-1055"; osgi.identity="org.eclipse.ui.trace"; singleton:="true" [id=807] STOPPED [STARTED]
	at org.eclipse.osgi.container.Module.lockStateChange(Module.java:337)
	at org.eclipse.osgi.container.Module.stop(Module.java:490)
	at org.eclipse.osgi.container.ModuleContainer$ContainerStartLevel.decStartLevel(ModuleContainer.java:1661)
	at org.eclipse.osgi.container.ModuleContainer$ContainerStartLevel.doContainerStartLevel(ModuleContainer.java:1580)
	at org.eclipse.osgi.container.SystemModule.stopWorker(SystemModule.java:270)
	at org.eclipse.osgi.internal.framework.EquinoxBundle$SystemBundle$EquinoxSystemModule.stopWorker(EquinoxBundle.java:147)
	at org.eclipse.osgi.container.Module.doStop(Module.java:636)
	at org.eclipse.osgi.container.Module.stop(Module.java:498)
	at org.eclipse.osgi.container.SystemModule.stop(SystemModule.java:202)
	at org.eclipse.osgi.internal.framework.EquinoxBundle$SystemBundle$EquinoxSystemModule$1.run(EquinoxBundle.java:165)
	at java.lang.Thread.run(Unknown Source)
Caused by: java.util.concurrent.TimeoutException: Timeout after waiting 5 seconds to acquire the lock.
	at org.eclipse.osgi.container.Module.lockStateChange(Module.java:334)
	... 10 more
Root exception:
java.util.concurrent.TimeoutException: Timeout after waiting 5 seconds to acquire the lock.
	at org.eclipse.osgi.container.Module.lockStateChange(Module.java:334)
	at org.eclipse.osgi.container.Module.stop(Module.java:490)
	at org.eclipse.osgi.container.ModuleContainer$ContainerStartLevel.decStartLevel(ModuleContainer.java:1661)
	at org.eclipse.osgi.container.ModuleContainer$ContainerStartLevel.doContainerStartLevel(ModuleContainer.java:1580)
	at org.eclipse.osgi.container.SystemModule.stopWorker(SystemModule.java:270)
	at org.eclipse.osgi.internal.framework.EquinoxBundle$SystemBundle$EquinoxSystemModule.stopWorker(EquinoxBundle.java:147)
	at org.eclipse.osgi.container.Module.doStop(Module.java:636)
	at org.eclipse.osgi.container.Module.stop(Module.java:498)
	at org.eclipse.osgi.container.SystemModule.stop(SystemModule.java:202)
	at org.eclipse.osgi.internal.framework.EquinoxBundle$SystemBundle$EquinoxSystemModule$1.run(EquinoxBundle.java:165)
	at java.lang.Thread.run(Unknown Source)

!ENTRY org.eclipse.core.runtime 4 0 2017-03-19 15:29:20.892
!MESSAGE FrameworkEvent ERROR
!STACK 0
org.osgi.framework.BundleException: Unable to acquire the state change lock for the module: osgi.identity; type="osgi.bundle"; version:Version="3.12.0.v20160606-1342"; osgi.identity="org.eclipse.core.runtime"; singleton:="true" [id=119] STOPPED [STARTED]
	at org.eclipse.osgi.container.Module.lockStateChange(Module.java:337)
	at org.eclipse.osgi.container.Module.stop(Module.java:490)
	at org.eclipse.osgi.container.ModuleContainer$ContainerStartLevel.decStartLevel(ModuleContainer.java:1661)
	at org.eclipse.osgi.container.ModuleContainer$ContainerStartLevel.doContainerStartLevel(ModuleContainer.java:1580)
	at org.eclipse.osgi.container.SystemModule.stopWorker(SystemModule.java:270)
	at org.eclipse.osgi.internal.framework.EquinoxBundle$SystemBundle$EquinoxSystemModule.stopWorker(EquinoxBundle.java:147)
	at org.eclipse.osgi.container.Module.doStop(Module.java:636)
	at org.eclipse.osgi.container.Module.stop(Module.java:498)
	at org.eclipse.osgi.container.SystemModule.stop(SystemModule.java:202)
	at org.eclipse.osgi.internal.framework.EquinoxBundle$SystemBundle$EquinoxSystemModule$1.run(EquinoxBundle.java:165)
	at java.lang.Thread.run(Unknown Source)
Caused by: java.util.concurrent.TimeoutException: Timeout after waiting 5 seconds to acquire the lock.
	at org.eclipse.osgi.container.Module.lockStateChange(Module.java:334)
	... 10 more
Root exception:
java.util.concurrent.TimeoutException: Timeout after waiting 5 seconds to acquire the lock.
	at org.eclipse.osgi.container.Module.lockStateChange(Module.java:334)
	at org.eclipse.osgi.container.Module.stop(Module.java:490)
	at org.eclipse.osgi.container.ModuleContainer$ContainerStartLevel.decStartLevel(ModuleContainer.java:1661)
	at org.eclipse.osgi.container.ModuleContainer$ContainerStartLevel.doContainerStartLevel(ModuleContainer.java:1580)
	at org.eclipse.osgi.container.SystemModule.stopWorker(SystemModule.java:270)
	at org.eclipse.osgi.internal.framework.EquinoxBundle$SystemBundle$EquinoxSystemModule.stopWorker(EquinoxBundle.java:147)
	at org.eclipse.osgi.container.Module.doStop(Module.java:636)
	at org.eclipse.osgi.container.Module.stop(Module.java:498)
	at org.eclipse.osgi.container.SystemModule.stop(SystemModule.java:202)
	at org.eclipse.osgi.internal.framework.EquinoxBundle$SystemBundle$EquinoxSystemModule$1.run(EquinoxBundle.java:165)
	at java.lang.Thread.run(Unknown Source)

!ENTRY org.eclipse.core.contenttype 4 0 2017-03-19 15:29:25.909
!MESSAGE FrameworkEvent ERROR
!STACK 0
org.osgi.framework.BundleException: Unable to acquire the state change lock for the module: osgi.identity; type="osgi.bundle"; version:Version="3.5.100.v20160418-1621"; osgi.identity="org.eclipse.core.contenttype"; singleton:="true" [id=104] STOPPED [STARTED]
	at org.eclipse.osgi.container.Module.lockStateChange(Module.java:337)
	at org.eclipse.osgi.container.Module.stop(Module.java:490)
	at org.eclipse.osgi.container.ModuleContainer$ContainerStartLevel.decStartLevel(ModuleContainer.java:1661)
	at org.eclipse.osgi.container.ModuleContainer$ContainerStartLevel.doContainerStartLevel(ModuleContainer.java:1580)
	at org.eclipse.osgi.container.SystemModule.stopWorker(SystemModule.java:270)
	at org.eclipse.osgi.internal.framework.EquinoxBundle$SystemBundle$EquinoxSystemModule.stopWorker(EquinoxBundle.java:147)
	at org.eclipse.osgi.container.Module.doStop(Module.java:636)
	at org.eclipse.osgi.container.Module.stop(Module.java:498)
	at org.eclipse.osgi.container.SystemModule.stop(SystemModule.java:202)
	at org.eclipse.osgi.internal.framework.EquinoxBundle$SystemBundle$EquinoxSystemModule$1.run(EquinoxBundle.java:165)
	at java.lang.Thread.run(Unknown Source)
Caused by: java.util.concurrent.TimeoutException: Timeout after waiting 5 seconds to acquire the lock.
	at org.eclipse.osgi.container.Module.lockStateChange(Module.java:334)
	... 10 more
Root exception:
java.util.concurrent.TimeoutException: Timeout after waiting 5 seconds to acquire the lock.
	at org.eclipse.osgi.container.Module.lockStateChange(Module.java:334)
	at org.eclipse.osgi.container.Module.stop(Module.java:490)
	at org.eclipse.osgi.container.ModuleContainer$ContainerStartLevel.decStartLevel(ModuleContainer.java:1661)
	at org.eclipse.osgi.container.ModuleContainer$ContainerStartLevel.doContainerStartLevel(ModuleContainer.java:1580)
	at org.eclipse.osgi.container.SystemModule.stopWorker(SystemModule.java:270)
	at org.eclipse.osgi.internal.framework.EquinoxBundle$SystemBundle$EquinoxSystemModule.stopWorker(EquinoxBundle.java:147)
	at org.eclipse.osgi.container.Module.doStop(Module.java:636)
	at org.eclipse.osgi.container.Module.stop(Module.java:498)
	at org.eclipse.osgi.container.SystemModule.stop(SystemModule.java:202)
	at org.eclipse.osgi.internal.framework.EquinoxBundle$SystemBundle$EquinoxSystemModule$1.run(EquinoxBundle.java:165)
	at java.lang.Thread.run(Unknown Source)

!ENTRY org.eclipse.equinox.registry 4 0 2017-03-19 15:29:30.920
!MESSAGE FrameworkEvent ERROR
!STACK 0
org.osgi.framework.BundleException: Unable to acquire the state change lock for the module: osgi.identity; type="osgi.bundle"; version:Version="3.6.100.v20160223-2218"; osgi.identity="org.eclipse.equinox.registry"; singleton:="true" [id=377] STOPPED [STARTED]
	at org.eclipse.osgi.container.Module.lockStateChange(Module.java:337)
	at org.eclipse.osgi.container.Module.stop(Module.java:490)
	at org.eclipse.osgi.container.ModuleContainer$ContainerStartLevel.decStartLevel(ModuleContainer.java:1661)
	at org.eclipse.osgi.container.ModuleContainer$ContainerStartLevel.doContainerStartLevel(ModuleContainer.java:1580)
	at org.eclipse.osgi.container.SystemModule.stopWorker(SystemModule.java:270)
	at org.eclipse.osgi.internal.framework.EquinoxBundle$SystemBundle$EquinoxSystemModule.stopWorker(EquinoxBundle.java:147)
	at org.eclipse.osgi.container.Module.doStop(Module.java:636)
	at org.eclipse.osgi.container.Module.stop(Module.java:498)
	at org.eclipse.osgi.container.SystemModule.stop(SystemModule.java:202)
	at org.eclipse.osgi.internal.framework.EquinoxBundle$SystemBundle$EquinoxSystemModule$1.run(EquinoxBundle.java:165)
	at java.lang.Thread.run(Unknown Source)
Caused by: java.util.concurrent.TimeoutException: Timeout after waiting 5 seconds to acquire the lock.
	at org.eclipse.osgi.container.Module.lockStateChange(Module.java:334)
	... 10 more
Root exception:
java.util.concurrent.TimeoutException: Timeout after waiting 5 seconds to acquire the lock.
	at org.eclipse.osgi.container.Module.lockStateChange(Module.java:334)
	at org.eclipse.osgi.container.Module.stop(Module.java:490)
	at org.eclipse.osgi.container.ModuleContainer$ContainerStartLevel.decStartLevel(ModuleContainer.java:1661)
	at org.eclipse.osgi.container.ModuleContainer$ContainerStartLevel.doContainerStartLevel(ModuleContainer.java:1580)
	at org.eclipse.osgi.container.SystemModule.stopWorker(SystemModule.java:270)
	at org.eclipse.osgi.internal.framework.EquinoxBundle$SystemBundle$EquinoxSystemModule.stopWorker(EquinoxBundle.java:147)
	at org.eclipse.osgi.container.Module.doStop(Module.java:636)
	at org.eclipse.osgi.container.Module.stop(Module.java:498)
	at org.eclipse.osgi.container.SystemModule.stop(SystemModule.java:202)
	at org.eclipse.osgi.internal.framework.EquinoxBundle$SystemBundle$EquinoxSystemModule$1.run(EquinoxBundle.java:165)
	at java.lang.Thread.run(Unknown Source)

!ENTRY org.eclipse.osgi 4 0 2017-03-19 15:29:36.034
!MESSAGE Error stopping the framework.
!STACK 0
java.lang.IllegalStateException: Unable to lock module state.
	at org.eclipse.osgi.container.ModuleContainer.unloadModules(ModuleContainer.java:1096)
	at org.eclipse.osgi.container.ModuleContainer.close(ModuleContainer.java:1047)
	at org.eclipse.osgi.container.SystemModule.stop(SystemModule.java:215)
	at org.eclipse.osgi.internal.framework.EquinoxBundle$SystemBundle$EquinoxSystemModule$1.run(EquinoxBundle.java:165)
	at java.lang.Thread.run(Unknown Source)
Caused by: org.osgi.framework.BundleException: Unable to acquire the state change lock for the module: osgi.identity; type="osgi.bundle"; version:Version="3.5.100.v20160418-1621"; osgi.identity="org.eclipse.core.contenttype"; singleton:="true" [id=104] UNINSTALLED [STARTED]
	at org.eclipse.osgi.container.Module.lockStateChange(Module.java:337)
	at org.eclipse.osgi.container.ModuleContainer.unloadModules(ModuleContainer.java:1094)
	... 4 more
Caused by: java.util.concurrent.TimeoutException: Timeout after waiting 5 seconds to acquire the lock.
	at org.eclipse.osgi.container.Module.lockStateChange(Module.java:334)
	... 5 more
